<?xml version="1.0" encoding="UTF-8"?>
<!-- Generated by org.testng.reporters.JUnitReportReporter -->
<testsuite hostname="Shikhar-PC" failures="0" tests="1" name="com.shikhar.casestudy1.case3" time="42.550" errors="0" timestamp="2021-06-03T15:19:48 IST" skipped="0">
  <testcase classname="com.shikhar.casestudy1.case3" name="Windows" time="42.550"/>
  <system-out/>
</testsuite> <!-- com.shikhar.casestudy1.case3 -->
