<?xml version="1.0" encoding="UTF-8"?>
<!-- Generated by org.testng.reporters.JUnitReportReporter -->
<testsuite hostname="Shikhar-PC" failures="0" tests="1" name="com.shikhar.casestudy1.case6" time="0.656" errors="0" timestamp="2021-06-04T12:23:21 IST" skipped="0">
  <testcase classname="com.shikhar.casestudy1.case6" name="Selectable" time="0.656"/>
  <system-out/>
</testsuite> <!-- com.shikhar.casestudy1.case6 -->
