<?xml version="1.0" encoding="UTF-8"?>
<!-- Generated by org.testng.reporters.JUnitReportReporter -->
<testsuite hostname="Shikhar-PC" failures="0" tests="1" name="com.shikhar.casestudy1.case2" time="15.120" errors="0" timestamp="2021-06-07T16:44:15 IST" skipped="0">
  <testcase classname="com.shikhar.casestudy1.case2" name="Alert" time="15.120"/>
  <system-out/>
</testsuite> <!-- com.shikhar.casestudy1.case2 -->
