<?xml version="1.0" encoding="UTF-8"?>
<!-- Generated by org.testng.reporters.JUnitReportReporter -->
<testsuite hostname="Shikhar-PC" failures="0" tests="1" name="com.shikhar.casestudy1.case1" time="8.461" errors="0" timestamp="2021-06-07T16:43:00 IST" skipped="0">
  <testcase classname="com.shikhar.casestudy1.case1" name="A" time="8.461"/>
  <system-out/>
</testsuite> <!-- com.shikhar.casestudy1.case1 -->
