<?xml version="1.0" encoding="UTF-8"?>
<!-- Generated by org.testng.reporters.JUnitReportReporter -->
<testsuite hostname="Shikhar-PC" failures="0" tests="1" name="com.shikhar.casestudy1.case5" time="1.127" errors="0" timestamp="2021-06-04T11:54:22 IST" skipped="0">
  <testcase classname="com.shikhar.casestudy1.case5" name="Datepicker" time="1.127"/>
  <system-out/>
</testsuite> <!-- com.shikhar.casestudy1.case5 -->
